<?xml version="1.0" encoding="UTF-8"?>
<!-- Generated by org.testng.reporters.JUnitReportReporter -->
<testsuite skipped="0" hostname="welcome-PC" name="com.testng.features.Assert_Concept" tests="1" failures="0" timestamp="2022-09-29T00:10:16 IST" time="0.043" errors="0">
  <testcase name="soft_Assert" time="0.043" classname="com.testng.features.Assert_Concept"/>
  <system-out/>
</testsuite> <!-- com.testng.features.Assert_Concept -->
