<?xml version="1.0" encoding="UTF-8"?>
<!-- Generated by org.testng.reporters.JUnitReportReporter -->
<testsuite skipped="0" hostname="welcome-PC" name="com.testng.features.TestNG_With_Adactin" tests="3" failures="0" timestamp="2022-09-30T19:11:53 IST" time="85.606" errors="0">
  <testcase name="location_Sydney" time="30.160" classname="com.testng.features.TestNG_With_Adactin"/>
  <system-out/>
  <testcase name="location_Sydney" time="34.475" classname="com.testng.features.TestNG_With_Adactin"/>
  <system-out/>
  <testcase name="location_London" time="20.971" classname="com.testng.features.TestNG_With_Adactin"/>
  <system-out/>
</testsuite> <!-- com.testng.features.TestNG_With_Adactin -->
