<?xml version="1.0" encoding="UTF-8"?>
<!-- Generated by org.testng.reporters.JUnitReportReporter -->
<testsuite skipped="0" hostname="welcome-PC" name="com.testng.features.Parellel_Testing_Demo" tests="2" failures="0" timestamp="2022-09-27T23:23:40 IST" time="40.567" errors="0">
  <testcase name="facebook" time="18.191" classname="com.testng.features.Parellel_Testing_Demo"/>
  <system-out/>
  <testcase name="adactin" time="22.376" classname="com.testng.features.Parellel_Testing_Demo"/>
  <system-out/>
</testsuite> <!-- com.testng.features.Parellel_Testing_Demo -->
