<?xml version="1.0" encoding="UTF-8"?>
<!-- Generated by org.testng.reporters.JUnitReportReporter -->
<testsuite skipped="0" hostname="welcome-PC" name="com.testng.features.Single_Parameter_DataParsing" tests="2" failures="0" timestamp="2022-09-28T23:20:17 IST" time="0.015" errors="0">
  <testcase name="demo" time="0.013" classname="com.testng.features.Single_Parameter_DataParsing"/>
  <system-out/>
  <testcase name="demo2" time="0.002" classname="com.testng.features.Single_Parameter_DataParsing"/>
  <system-out/>
</testsuite> <!-- com.testng.features.Single_Parameter_DataParsing -->
