<?xml version="1.0" encoding="UTF-8"?>
<!-- Generated by org.testng.reporters.JUnitReportReporter -->
<testsuite skipped="0" hostname="welcome-PC" name="com.testng.features.Timeout_Demo" tests="1" failures="0" timestamp="2022-09-27T23:00:10 IST" time="32.890" errors="0">
  <testcase name="adactin" time="32.890" classname="com.testng.features.Timeout_Demo"/>
  <system-out/>
</testsuite> <!-- com.testng.features.Timeout_Demo -->
