<?xml version="1.0" encoding="UTF-8"?>
<!-- Generated by org.testng.reporters.JUnitReportReporter -->
<testsuite skipped="0" hostname="welcome-PC" name="com.testng.features.Data_Provider_Demo" tests="3" failures="0" timestamp="2022-10-03T22:29:59 IST" time="0.108" errors="0">
  <testcase name="player_Data" time="0.013" classname="com.testng.features.Data_Provider_Demo"/>
  <system-out/>
  <testcase name="player_Data" time="0.091" classname="com.testng.features.Data_Provider_Demo"/>
  <system-out/>
  <testcase name="player_Data" time="0.004" classname="com.testng.features.Data_Provider_Demo"/>
  <system-out/>
</testsuite> <!-- com.testng.features.Data_Provider_Demo -->
