<?xml version="1.0" encoding="UTF-8"?>
<!-- Generated by org.testng.reporters.JUnitReportReporter -->
<testsuite skipped="0" hostname="welcome-PC" name="com.testng.features.Invocation_Demo" tests="3" failures="0" timestamp="2022-09-26T19:47:26 IST" time="0.018" errors="0">
  <testcase name="cycle" time="0.014" classname="com.testng.features.Invocation_Demo"/>
  <system-out/>
  <testcase name="car" time="0.002" classname="com.testng.features.Invocation_Demo"/>
  <system-out/>
  <testcase name="bus" time="0.002" classname="com.testng.features.Invocation_Demo"/>
  <system-out/>
</testsuite> <!-- com.testng.features.Invocation_Demo -->
