<?xml version="1.0" encoding="UTF-8"?>
<!-- Generated by org.testng.reporters.JUnitReportReporter -->
<testsuite skipped="0" hostname="welcome-PC" name="com.testng.features.Data_Provider_Runner" tests="3" failures="0" timestamp="2022-09-28T23:42:12 IST" time="0.014" errors="0">
  <testcase name="player_Data" time="0.010" classname="com.testng.features.Data_Provider_Runner"/>
  <system-out/>
  <testcase name="player_Data" time="0.002" classname="com.testng.features.Data_Provider_Runner"/>
  <system-out/>
  <testcase name="player_Data" time="0.002" classname="com.testng.features.Data_Provider_Runner"/>
  <system-out/>
</testsuite> <!-- com.testng.features.Data_Provider_Runner -->
