<?xml version="1.0" encoding="UTF-8"?>
<!-- Generated by org.testng.reporters.JUnitReportReporter -->
<testsuite skipped="0" hostname="welcome-PC" name="com.testng.features.Priority_Demo" tests="4" failures="0" timestamp="2022-09-26T19:33:49 IST" time="0.021" errors="0">
  <testcase name="cycle" time="0.012" classname="com.testng.features.Priority_Demo"/>
  <system-out/>
  <testcase name="bike" time="0.006" classname="com.testng.features.Priority_Demo"/>
  <system-out/>
  <testcase name="car" time="0.002" classname="com.testng.features.Priority_Demo"/>
  <system-out/>
  <testcase name="bus" time="0.001" classname="com.testng.features.Priority_Demo"/>
  <system-out/>
</testsuite> <!-- com.testng.features.Priority_Demo -->
