<?xml version="1.0" encoding="UTF-8"?>
<!-- Generated by org.testng.reporters.JUnitReportReporter -->
<testsuite skipped="0" hostname="welcome-PC" name="com.testng.features.Annotations" tests="2" failures="0" timestamp="2022-09-26T19:25:46 IST" time="0.036" errors="0">
  <testcase name="child_B" time="0.002" classname="com.testng.features.Annotations"/>
  <system-out/>
  <testcase name="child_A" time="0.034" classname="com.testng.features.Annotations"/>
  <system-out/>
</testsuite> <!-- com.testng.features.Annotations -->
