<?xml version="1.0" encoding="UTF-8"?>
<!-- Generated by org.testng.reporters.JUnitReportReporter -->
<testsuite skipped="0" hostname="welcome-PC" name="com.testng.demo.Annotations" tests="2" failures="0" timestamp="2022-09-24T22:18:31 IST" time="0.031" errors="0">
  <testcase name="child_B" time="0.003" classname="com.testng.demo.Annotations"/>
  <system-out/>
  <testcase name="child_A" time="0.028" classname="com.testng.demo.Annotations"/>
  <system-out/>
</testsuite> <!-- com.testng.demo.Annotations -->
