<?xml version="1.0" encoding="UTF-8"?>
<!-- Generated by org.testng.reporters.JUnitReportReporter -->
<testsuite skipped="1" hostname="welcome-PC" name="com.testng.features.Ignore_Demo" tests="4" failures="0" timestamp="2022-09-27T22:33:00 IST" time="0.021" errors="0">
  <testcase name="office" time="0.002" classname="com.testng.features.Ignore_Demo"/>
  <system-out/>
  <testcase name="beach" time="0.016" classname="com.testng.features.Ignore_Demo"/>
  <system-out/>
  <testcase name="house" time="0.003" classname="com.testng.features.Ignore_Demo"/>
  <system-out/>
  <testcase name="park" classname="com.testng.features.Ignore_Demo">
    <skipped/>
  </testcase> <!-- park -->
  <system-out/>
</testsuite> <!-- com.testng.features.Ignore_Demo -->
